= 2018-12-05 09:57:18,635 INFO org.springframework.context.support.AbstractApplicationContext.prepareRefresh(AbstractApplicationContext.java:578) -Refreshing org.springframework.context.support.ClassPathXmlApplicationContext@593634ad: startup date [Wed Dec 05 09:57:18 CST 2018]; root of context hierarchy
= 2018-12-05 09:57:18,691 INFO org.springframework.beans.factory.xml.XmlBeanDefinitionReader.loadBeanDefinitions(XmlBeanDefinitionReader.java:317) -Loading XML bean definitions from class path resource [applicationContext-pbf.xml]
= 2018-12-05 09:57:18,908 INFO org.springframework.context.support.AbstractApplicationContext.doClose(AbstractApplicationContext.java:960) -Closing org.springframework.context.support.ClassPathXmlApplicationContext@593634ad: startup date [Wed Dec 05 09:57:18 CST 2018]; root of context hierarchy
= 2018-12-05 09:57:31,744 INFO org.springframework.context.support.AbstractApplicationContext.prepareRefresh(AbstractApplicationContext.java:578) -Refreshing org.springframework.context.support.ClassPathXmlApplicationContext@593634ad: startup date [Wed Dec 05 09:57:31 CST 2018]; root of context hierarchy
= 2018-12-05 09:57:31,795 INFO org.springframework.beans.factory.xml.XmlBeanDefinitionReader.loadBeanDefinitions(XmlBeanDefinitionReader.java:317) -Loading XML bean definitions from class path resource [applicationContext-pbf.xml]
= 2018-12-05 10:10:07,940 INFO org.springframework.context.support.AbstractApplicationContext.prepareRefresh(AbstractApplicationContext.java:578) -Refreshing org.springframework.context.support.ClassPathXmlApplicationContext@64a294a6: startup date [Wed Dec 05 10:10:07 CST 2018]; root of context hierarchy
= 2018-12-05 10:10:07,995 INFO org.springframework.beans.factory.xml.XmlBeanDefinitionReader.loadBeanDefinitions(XmlBeanDefinitionReader.java:317) -Loading XML bean definitions from class path resource [applicationContext-conf.xml]
= 2018-12-05 10:11:55,660 INFO org.springframework.context.support.AbstractApplicationContext.prepareRefresh(AbstractApplicationContext.java:578) -Refreshing org.springframework.context.support.ClassPathXmlApplicationContext@64a294a6: startup date [Wed Dec 05 10:11:55 CST 2018]; root of context hierarchy
= 2018-12-05 10:11:55,713 INFO org.springframework.beans.factory.xml.XmlBeanDefinitionReader.loadBeanDefinitions(XmlBeanDefinitionReader.java:317) -Loading XML bean definitions from class path resource [applicationContext-conf.xml]
= 2018-12-05 10:16:03,614 INFO org.springframework.context.support.AbstractApplicationContext.prepareRefresh(AbstractApplicationContext.java:578) -Refreshing org.springframework.context.support.ClassPathXmlApplicationContext@13b13b5d: startup date [Wed Dec 05 10:16:03 CST 2018]; root of context hierarchy
= 2018-12-05 10:16:03,736 INFO org.springframework.beans.factory.xml.XmlBeanDefinitionReader.loadBeanDefinitions(XmlBeanDefinitionReader.java:317) -Loading XML bean definitions from class path resource [applicationContext-conf.xml]
= 2018-12-05 10:16:36,256 INFO org.springframework.context.support.AbstractApplicationContext.prepareRefresh(AbstractApplicationContext.java:578) -Refreshing org.springframework.context.support.ClassPathXmlApplicationContext@64a294a6: startup date [Wed Dec 05 10:16:36 CST 2018]; root of context hierarchy
= 2018-12-05 10:16:36,309 INFO org.springframework.beans.factory.xml.XmlBeanDefinitionReader.loadBeanDefinitions(XmlBeanDefinitionReader.java:317) -Loading XML bean definitions from class path resource [applicationContext-conf.xml]
= 2018-12-05 10:17:58,523 INFO org.springframework.context.support.AbstractApplicationContext.prepareRefresh(AbstractApplicationContext.java:578) -Refreshing org.springframework.context.support.ClassPathXmlApplicationContext@4cdf35a9: startup date [Wed Dec 05 10:17:58 CST 2018]; root of context hierarchy
= 2018-12-05 10:17:58,567 INFO org.springframework.beans.factory.xml.XmlBeanDefinitionReader.loadBeanDefinitions(XmlBeanDefinitionReader.java:317) -Loading XML bean definitions from class path resource [applicationContext-conf.xml]
= 2018-12-05 10:17:58,678 INFO com.sept.debug.log4j.LogHandler.info(LogHandler.java:17) - com.sept.project.conf.Configure.getConf(Configure.java:41) - 未找到配置[class com.sept.project.conf.GlobalConfContext],将采用配置的默认init初始化配置类！
= 2018-12-05 10:18:52,991 INFO org.springframework.context.support.AbstractApplicationContext.prepareRefresh(AbstractApplicationContext.java:578) -Refreshing org.springframework.context.support.ClassPathXmlApplicationContext@4cdf35a9: startup date [Wed Dec 05 10:18:52 CST 2018]; root of context hierarchy
= 2018-12-05 10:18:53,038 INFO org.springframework.beans.factory.xml.XmlBeanDefinitionReader.loadBeanDefinitions(XmlBeanDefinitionReader.java:317) -Loading XML bean definitions from class path resource [applicationContext-conf.xml]
= 2018-12-05 10:18:53,151 INFO com.sept.debug.log4j.LogHandler.info(LogHandler.java:17) - com.sept.project.conf.Configure.getConf(Configure.java:41) - 未找到配置[class com.sept.project.conf.GlobalConfContext],将采用配置的默认init初始化配置类！
= 2018-12-05 10:22:38,493 INFO org.springframework.context.support.AbstractApplicationContext.prepareRefresh(AbstractApplicationContext.java:578) -Refreshing org.springframework.context.support.ClassPathXmlApplicationContext@4cdf35a9: startup date [Wed Dec 05 10:22:38 CST 2018]; root of context hierarchy
= 2018-12-05 10:22:38,542 INFO org.springframework.beans.factory.xml.XmlBeanDefinitionReader.loadBeanDefinitions(XmlBeanDefinitionReader.java:317) -Loading XML bean definitions from class path resource [applicationContext-conf.xml]
= 2018-12-05 10:22:38,662 INFO com.sept.debug.log4j.LogHandler.info(LogHandler.java:17) - com.sept.project.conf.SeptDeploy.getConf(SeptDeploy.java:41) - 未找到配置[class com.sept.project.conf.GlobalDeployContext],将采用配置的默认init初始化配置类！
= 2018-12-05 10:53:04,192 INFO org.springframework.context.support.AbstractApplicationContext.prepareRefresh(AbstractApplicationContext.java:578) -Refreshing org.springframework.context.support.ClassPathXmlApplicationContext@4cdf35a9: startup date [Wed Dec 05 10:53:04 CST 2018]; root of context hierarchy
= 2018-12-05 10:53:04,238 INFO org.springframework.beans.factory.xml.XmlBeanDefinitionReader.loadBeanDefinitions(XmlBeanDefinitionReader.java:317) -Loading XML bean definitions from class path resource [applicationContext-deploy.xml]
= 2018-12-05 10:53:04,351 INFO com.sept.debug.log4j.LogHandler.info(LogHandler.java:17) - com.sept.project.deploy.DeployFactory.getConf(DeployFactory.java:41) - 未找到配置[class com.sept.project.deploy.ProjectDeploy],将采用配置的默认init初始化配置类！
= 2018-12-05 10:53:44,647 INFO org.springframework.context.support.AbstractApplicationContext.prepareRefresh(AbstractApplicationContext.java:578) -Refreshing org.springframework.context.support.ClassPathXmlApplicationContext@4cdf35a9: startup date [Wed Dec 05 10:53:44 CST 2018]; root of context hierarchy
= 2018-12-05 10:53:44,696 INFO org.springframework.beans.factory.xml.XmlBeanDefinitionReader.loadBeanDefinitions(XmlBeanDefinitionReader.java:317) -Loading XML bean definitions from class path resource [applicationContext-deploy.xml]
= 2018-12-05 10:53:44,818 WARN org.springframework.context.support.AbstractApplicationContext.refresh(AbstractApplicationContext.java:546) -Exception encountered during context initialization - cancelling refresh attempt: org.springframework.beans.factory.CannotLoadBeanClassException: Cannot find class [com.sept.project.conf.ProjectDeploy] for bean with name 'ProjectDeploy' defined in class path resource [applicationContext-deploy.xml]; nested exception is java.lang.ClassNotFoundException: com.sept.project.conf.ProjectDeploy
= 2018-12-05 10:53:44,823 INFO org.springframework.context.support.AbstractApplicationContext.prepareRefresh(AbstractApplicationContext.java:578) -Refreshing org.springframework.context.support.FileSystemXmlApplicationContext@cc285f4: startup date [Wed Dec 05 10:53:44 CST 2018]; root of context hierarchy
= 2018-12-05 10:53:44,836 INFO org.springframework.beans.factory.xml.XmlBeanDefinitionReader.loadBeanDefinitions(XmlBeanDefinitionReader.java:317) -Loading XML bean definitions from file [D:\zchar\workspace_20181130\sept\sept-project\applicationContext-deploy.xml]
= 2018-12-05 10:55:14,120 INFO org.springframework.context.support.AbstractApplicationContext.prepareRefresh(AbstractApplicationContext.java:578) -Refreshing org.springframework.context.support.ClassPathXmlApplicationContext@ba8a1dc: startup date [Wed Dec 05 10:55:14 CST 2018]; root of context hierarchy
= 2018-12-05 10:55:14,166 INFO org.springframework.beans.factory.xml.XmlBeanDefinitionReader.loadBeanDefinitions(XmlBeanDefinitionReader.java:317) -Loading XML bean definitions from class path resource [applicationContext-deploy.xml]
= 2018-12-05 10:55:14,287 WARN org.springframework.context.support.AbstractApplicationContext.refresh(AbstractApplicationContext.java:546) -Exception encountered during context initialization - cancelling refresh attempt: org.springframework.beans.factory.CannotLoadBeanClassException: Cannot find class [com.sept.project.conf.ProjectDeploy] for bean with name 'ProjectDeploy' defined in class path resource [applicationContext-deploy.xml]; nested exception is java.lang.ClassNotFoundException: com.sept.project.conf.ProjectDeploy
= 2018-12-05 10:55:14,297 INFO org.springframework.context.support.AbstractApplicationContext.prepareRefresh(AbstractApplicationContext.java:578) -Refreshing org.springframework.context.support.FileSystemXmlApplicationContext@5c7fa833: startup date [Wed Dec 05 10:55:14 CST 2018]; root of context hierarchy
= 2018-12-05 10:55:14,299 INFO org.springframework.beans.factory.xml.XmlBeanDefinitionReader.loadBeanDefinitions(XmlBeanDefinitionReader.java:317) -Loading XML bean definitions from file [D:\zchar\workspace_20181130\sept\sept-project\applicationContext-deploy.xml]
= 2018-12-05 10:55:27,854 INFO org.springframework.context.support.AbstractApplicationContext.prepareRefresh(AbstractApplicationContext.java:578) -Refreshing org.springframework.context.support.ClassPathXmlApplicationContext@ba8a1dc: startup date [Wed Dec 05 10:55:27 CST 2018]; root of context hierarchy
= 2018-12-05 10:55:27,902 INFO org.springframework.beans.factory.xml.XmlBeanDefinitionReader.loadBeanDefinitions(XmlBeanDefinitionReader.java:317) -Loading XML bean definitions from class path resource [applicationContext-deploy.xml]
= 2018-12-05 10:55:28,022 WARN org.springframework.context.support.AbstractApplicationContext.refresh(AbstractApplicationContext.java:546) -Exception encountered during context initialization - cancelling refresh attempt: org.springframework.beans.factory.CannotLoadBeanClassException: Cannot find class [com.sept.project.conf.ProjectDeploy] for bean with name 'ProjectDeploy' defined in class path resource [applicationContext-deploy.xml]; nested exception is java.lang.ClassNotFoundException: com.sept.project.conf.ProjectDeploy
= 2018-12-05 10:55:28,031 INFO org.springframework.context.support.AbstractApplicationContext.prepareRefresh(AbstractApplicationContext.java:578) -Refreshing org.springframework.context.support.FileSystemXmlApplicationContext@5c7fa833: startup date [Wed Dec 05 10:55:28 CST 2018]; root of context hierarchy
= 2018-12-05 10:55:28,034 INFO org.springframework.beans.factory.xml.XmlBeanDefinitionReader.loadBeanDefinitions(XmlBeanDefinitionReader.java:317) -Loading XML bean definitions from file [D:\zchar\workspace_20181130\sept\sept-project\applicationContext-deploy.xml]
= 2018-12-05 10:56:07,690 INFO org.springframework.context.support.AbstractApplicationContext.prepareRefresh(AbstractApplicationContext.java:578) -Refreshing org.springframework.context.support.ClassPathXmlApplicationContext@4cdf35a9: startup date [Wed Dec 05 10:56:07 CST 2018]; root of context hierarchy
= 2018-12-05 10:56:07,741 INFO org.springframework.beans.factory.xml.XmlBeanDefinitionReader.loadBeanDefinitions(XmlBeanDefinitionReader.java:317) -Loading XML bean definitions from class path resource [applicationContext-deploy.xml]
= 2018-12-05 10:56:07,859 WARN org.springframework.context.support.AbstractApplicationContext.refresh(AbstractApplicationContext.java:546) -Exception encountered during context initialization - cancelling refresh attempt: org.springframework.beans.factory.CannotLoadBeanClassException: Cannot find class [com.sept.project.conf.ProjectDeploy] for bean with name 'ProjectDeploy' defined in class path resource [applicationContext-deploy.xml]; nested exception is java.lang.ClassNotFoundException: com.sept.project.conf.ProjectDeploy
= 2018-12-05 10:56:07,867 INFO org.springframework.context.support.AbstractApplicationContext.prepareRefresh(AbstractApplicationContext.java:578) -Refreshing org.springframework.context.support.FileSystemXmlApplicationContext@cc285f4: startup date [Wed Dec 05 10:56:07 CST 2018]; root of context hierarchy
= 2018-12-05 10:56:07,869 INFO org.springframework.beans.factory.xml.XmlBeanDefinitionReader.loadBeanDefinitions(XmlBeanDefinitionReader.java:317) -Loading XML bean definitions from file [D:\zchar\workspace_20181130\sept\sept-project\applicationContext-deploy.xml]
= 2018-12-05 10:57:05,151 INFO org.springframework.context.support.AbstractApplicationContext.prepareRefresh(AbstractApplicationContext.java:578) -Refreshing org.springframework.context.support.ClassPathXmlApplicationContext@4cdf35a9: startup date [Wed Dec 05 10:57:05 CST 2018]; root of context hierarchy
= 2018-12-05 10:57:05,199 INFO org.springframework.beans.factory.xml.XmlBeanDefinitionReader.loadBeanDefinitions(XmlBeanDefinitionReader.java:317) -Loading XML bean definitions from class path resource [applicationContext-deploy.xml]
= 2018-12-05 10:57:25,752 INFO org.springframework.context.support.AbstractApplicationContext.prepareRefresh(AbstractApplicationContext.java:578) -Refreshing org.springframework.context.support.ClassPathXmlApplicationContext@4cdf35a9: startup date [Wed Dec 05 10:57:25 CST 2018]; root of context hierarchy
= 2018-12-05 10:57:25,793 INFO org.springframework.beans.factory.xml.XmlBeanDefinitionReader.loadBeanDefinitions(XmlBeanDefinitionReader.java:317) -Loading XML bean definitions from class path resource [applicationContext-deploy.xml]
