= 2018-12-04 17:20:17,551 ERROR com.alibaba.druid.pool.DruidDataSource.init(DruidDataSource.java:626) -init datasource error
java.sql.SQLException: ORA-01017: invalid username/password; logon denied

	at oracle.jdbc.driver.SQLStateMapping.newSQLException(SQLStateMapping.java:70)
	at oracle.jdbc.driver.DatabaseError.newSQLException(DatabaseError.java:131)
	at oracle.jdbc.driver.DatabaseError.throwSqlException(DatabaseError.java:204)
	at oracle.jdbc.driver.T4CTTIoer.processError(T4CTTIoer.java:455)
	at oracle.jdbc.driver.T4CTTIoer.processError(T4CTTIoer.java:406)
	at oracle.jdbc.driver.T4CTTIoer.processError(T4CTTIoer.java:399)
	at oracle.jdbc.driver.T4CTTIoauthenticate.receiveOauth(T4CTTIoauthenticate.java:799)
	at oracle.jdbc.driver.T4CConnection.logon(T4CConnection.java:368)
	at oracle.jdbc.driver.PhysicalConnection.<init>(PhysicalConnection.java:508)
	at oracle.jdbc.driver.T4CConnection.<init>(T4CConnection.java:203)
	at oracle.jdbc.driver.T4CDriverExtension.getConnection(T4CDriverExtension.java:33)
	at oracle.jdbc.driver.OracleDriver.connect(OracleDriver.java:510)
	at com.alibaba.druid.pool.DruidAbstractDataSource.createPhysicalConnection(DruidAbstractDataSource.java:1368)
	at com.alibaba.druid.pool.DruidAbstractDataSource.createPhysicalConnection(DruidAbstractDataSource.java:1424)
	at com.alibaba.druid.pool.DruidDataSource.init(DruidDataSource.java:616)
	at sun.reflect.NativeMethodAccessorImpl.invoke0(Native Method)
	at sun.reflect.NativeMethodAccessorImpl.invoke(Unknown Source)
	at sun.reflect.DelegatingMethodAccessorImpl.invoke(Unknown Source)
	at java.lang.reflect.Method.invoke(Unknown Source)
	at org.springframework.beans.factory.support.AbstractAutowireCapableBeanFactory.invokeCustomInitMethod(AbstractAutowireCapableBeanFactory.java:1706)
	at org.springframework.beans.factory.support.AbstractAutowireCapableBeanFactory.invokeInitMethods(AbstractAutowireCapableBeanFactory.java:1645)
	at org.springframework.beans.factory.support.AbstractAutowireCapableBeanFactory.initializeBean(AbstractAutowireCapableBeanFactory.java:1574)
	at org.springframework.beans.factory.support.AbstractAutowireCapableBeanFactory.doCreateBean(AbstractAutowireCapableBeanFactory.java:545)
	at org.springframework.beans.factory.support.AbstractAutowireCapableBeanFactory.createBean(AbstractAutowireCapableBeanFactory.java:482)
	at org.springframework.beans.factory.support.AbstractBeanFactory$1.getObject(AbstractBeanFactory.java:306)
	at org.springframework.beans.factory.support.DefaultSingletonBeanRegistry.getSingleton(DefaultSingletonBeanRegistry.java:230)
	at org.springframework.beans.factory.support.AbstractBeanFactory.doGetBean(AbstractBeanFactory.java:302)
	at org.springframework.beans.factory.support.AbstractBeanFactory.getBean(AbstractBeanFactory.java:197)
	at org.springframework.beans.factory.support.DefaultListableBeanFactory.preInstantiateSingletons(DefaultListableBeanFactory.java:772)
	at org.springframework.context.support.AbstractApplicationContext.finishBeanFactoryInitialization(AbstractApplicationContext.java:839)
	at org.springframework.context.support.AbstractApplicationContext.refresh(AbstractApplicationContext.java:538)
	at org.springframework.context.support.ClassPathXmlApplicationContext.<init>(ClassPathXmlApplicationContext.java:139)
	at org.springframework.context.support.ClassPathXmlApplicationContext.<init>(ClassPathXmlApplicationContext.java:83)
	at com.sept.db.dba.DatabaseSessionUtil.getCtx(DatabaseSessionUtil.java:163)
	at com.sept.db.dba.DatabaseSessionUtil.initTransactionManager(DatabaseSessionUtil.java:150)
	at com.sept.db.demo.Demo.main(Demo.java:12)
= 2018-12-04 17:20:17,561 ERROR com.alibaba.druid.pool.DruidDataSource.init(DruidDataSource.java:643) -dataSource init error
java.sql.SQLException: ORA-01017: invalid username/password; logon denied

	at oracle.jdbc.driver.SQLStateMapping.newSQLException(SQLStateMapping.java:70)
	at oracle.jdbc.driver.DatabaseError.newSQLException(DatabaseError.java:131)
	at oracle.jdbc.driver.DatabaseError.throwSqlException(DatabaseError.java:204)
	at oracle.jdbc.driver.T4CTTIoer.processError(T4CTTIoer.java:455)
	at oracle.jdbc.driver.T4CTTIoer.processError(T4CTTIoer.java:406)
	at oracle.jdbc.driver.T4CTTIoer.processError(T4CTTIoer.java:399)
	at oracle.jdbc.driver.T4CTTIoauthenticate.receiveOauth(T4CTTIoauthenticate.java:799)
	at oracle.jdbc.driver.T4CConnection.logon(T4CConnection.java:368)
	at oracle.jdbc.driver.PhysicalConnection.<init>(PhysicalConnection.java:508)
	at oracle.jdbc.driver.T4CConnection.<init>(T4CConnection.java:203)
	at oracle.jdbc.driver.T4CDriverExtension.getConnection(T4CDriverExtension.java:33)
	at oracle.jdbc.driver.OracleDriver.connect(OracleDriver.java:510)
	at com.alibaba.druid.pool.DruidAbstractDataSource.createPhysicalConnection(DruidAbstractDataSource.java:1368)
	at com.alibaba.druid.pool.DruidAbstractDataSource.createPhysicalConnection(DruidAbstractDataSource.java:1424)
	at com.alibaba.druid.pool.DruidDataSource.init(DruidDataSource.java:616)
	at sun.reflect.NativeMethodAccessorImpl.invoke0(Native Method)
	at sun.reflect.NativeMethodAccessorImpl.invoke(Unknown Source)
	at sun.reflect.DelegatingMethodAccessorImpl.invoke(Unknown Source)
	at java.lang.reflect.Method.invoke(Unknown Source)
	at org.springframework.beans.factory.support.AbstractAutowireCapableBeanFactory.invokeCustomInitMethod(AbstractAutowireCapableBeanFactory.java:1706)
	at org.springframework.beans.factory.support.AbstractAutowireCapableBeanFactory.invokeInitMethods(AbstractAutowireCapableBeanFactory.java:1645)
	at org.springframework.beans.factory.support.AbstractAutowireCapableBeanFactory.initializeBean(AbstractAutowireCapableBeanFactory.java:1574)
	at org.springframework.beans.factory.support.AbstractAutowireCapableBeanFactory.doCreateBean(AbstractAutowireCapableBeanFactory.java:545)
	at org.springframework.beans.factory.support.AbstractAutowireCapableBeanFactory.createBean(AbstractAutowireCapableBeanFactory.java:482)
	at org.springframework.beans.factory.support.AbstractBeanFactory$1.getObject(AbstractBeanFactory.java:306)
	at org.springframework.beans.factory.support.DefaultSingletonBeanRegistry.getSingleton(DefaultSingletonBeanRegistry.java:230)
	at org.springframework.beans.factory.support.AbstractBeanFactory.doGetBean(AbstractBeanFactory.java:302)
	at org.springframework.beans.factory.support.AbstractBeanFactory.getBean(AbstractBeanFactory.java:197)
	at org.springframework.beans.factory.support.DefaultListableBeanFactory.preInstantiateSingletons(DefaultListableBeanFactory.java:772)
	at org.springframework.context.support.AbstractApplicationContext.finishBeanFactoryInitialization(AbstractApplicationContext.java:839)
	at org.springframework.context.support.AbstractApplicationContext.refresh(AbstractApplicationContext.java:538)
	at org.springframework.context.support.ClassPathXmlApplicationContext.<init>(ClassPathXmlApplicationContext.java:139)
	at org.springframework.context.support.ClassPathXmlApplicationContext.<init>(ClassPathXmlApplicationContext.java:83)
	at com.sept.db.dba.DatabaseSessionUtil.getCtx(DatabaseSessionUtil.java:163)
	at com.sept.db.dba.DatabaseSessionUtil.initTransactionManager(DatabaseSessionUtil.java:150)
	at com.sept.db.demo.Demo.main(Demo.java:12)
= 2018-12-04 17:59:32,093 ERROR com.alibaba.druid.pool.DruidDataSource.init(DruidDataSource.java:626) -init datasource error
java.sql.SQLException: ORA-01017: invalid username/password; logon denied

	at oracle.jdbc.driver.SQLStateMapping.newSQLException(SQLStateMapping.java:70)
	at oracle.jdbc.driver.DatabaseError.newSQLException(DatabaseError.java:131)
	at oracle.jdbc.driver.DatabaseError.throwSqlException(DatabaseError.java:204)
	at oracle.jdbc.driver.T4CTTIoer.processError(T4CTTIoer.java:455)
	at oracle.jdbc.driver.T4CTTIoer.processError(T4CTTIoer.java:406)
	at oracle.jdbc.driver.T4CTTIoer.processError(T4CTTIoer.java:399)
	at oracle.jdbc.driver.T4CTTIoauthenticate.receiveOauth(T4CTTIoauthenticate.java:799)
	at oracle.jdbc.driver.T4CConnection.logon(T4CConnection.java:368)
	at oracle.jdbc.driver.PhysicalConnection.<init>(PhysicalConnection.java:508)
	at oracle.jdbc.driver.T4CConnection.<init>(T4CConnection.java:203)
	at oracle.jdbc.driver.T4CDriverExtension.getConnection(T4CDriverExtension.java:33)
	at oracle.jdbc.driver.OracleDriver.connect(OracleDriver.java:510)
	at com.alibaba.druid.pool.DruidAbstractDataSource.createPhysicalConnection(DruidAbstractDataSource.java:1368)
	at com.alibaba.druid.pool.DruidAbstractDataSource.createPhysicalConnection(DruidAbstractDataSource.java:1424)
	at com.alibaba.druid.pool.DruidDataSource.init(DruidDataSource.java:616)
	at sun.reflect.NativeMethodAccessorImpl.invoke0(Native Method)
	at sun.reflect.NativeMethodAccessorImpl.invoke(Unknown Source)
	at sun.reflect.DelegatingMethodAccessorImpl.invoke(Unknown Source)
	at java.lang.reflect.Method.invoke(Unknown Source)
	at org.springframework.beans.factory.support.AbstractAutowireCapableBeanFactory.invokeCustomInitMethod(AbstractAutowireCapableBeanFactory.java:1706)
	at org.springframework.beans.factory.support.AbstractAutowireCapableBeanFactory.invokeInitMethods(AbstractAutowireCapableBeanFactory.java:1645)
	at org.springframework.beans.factory.support.AbstractAutowireCapableBeanFactory.initializeBean(AbstractAutowireCapableBeanFactory.java:1574)
	at org.springframework.beans.factory.support.AbstractAutowireCapableBeanFactory.doCreateBean(AbstractAutowireCapableBeanFactory.java:545)
	at org.springframework.beans.factory.support.AbstractAutowireCapableBeanFactory.createBean(AbstractAutowireCapableBeanFactory.java:482)
	at org.springframework.beans.factory.support.AbstractBeanFactory$1.getObject(AbstractBeanFactory.java:306)
	at org.springframework.beans.factory.support.DefaultSingletonBeanRegistry.getSingleton(DefaultSingletonBeanRegistry.java:230)
	at org.springframework.beans.factory.support.AbstractBeanFactory.doGetBean(AbstractBeanFactory.java:302)
	at org.springframework.beans.factory.support.AbstractBeanFactory.getBean(AbstractBeanFactory.java:197)
	at org.springframework.beans.factory.support.DefaultListableBeanFactory.preInstantiateSingletons(DefaultListableBeanFactory.java:772)
	at org.springframework.context.support.AbstractApplicationContext.finishBeanFactoryInitialization(AbstractApplicationContext.java:839)
	at org.springframework.context.support.AbstractApplicationContext.refresh(AbstractApplicationContext.java:538)
	at org.springframework.context.support.ClassPathXmlApplicationContext.<init>(ClassPathXmlApplicationContext.java:139)
	at org.springframework.context.support.ClassPathXmlApplicationContext.<init>(ClassPathXmlApplicationContext.java:83)
	at com.sept.db.dba.DatabaseSessionUtil.getCtx(DatabaseSessionUtil.java:163)
	at com.sept.db.dba.DatabaseSessionUtil.initTransactionManager(DatabaseSessionUtil.java:150)
	at com.sept.db.demo.Demo.main(Demo.java:12)
= 2018-12-04 17:59:32,163 ERROR com.alibaba.druid.pool.DruidDataSource.init(DruidDataSource.java:643) -dataSource init error
java.sql.SQLException: ORA-01017: invalid username/password; logon denied

	at oracle.jdbc.driver.SQLStateMapping.newSQLException(SQLStateMapping.java:70)
	at oracle.jdbc.driver.DatabaseError.newSQLException(DatabaseError.java:131)
	at oracle.jdbc.driver.DatabaseError.throwSqlException(DatabaseError.java:204)
	at oracle.jdbc.driver.T4CTTIoer.processError(T4CTTIoer.java:455)
	at oracle.jdbc.driver.T4CTTIoer.processError(T4CTTIoer.java:406)
	at oracle.jdbc.driver.T4CTTIoer.processError(T4CTTIoer.java:399)
	at oracle.jdbc.driver.T4CTTIoauthenticate.receiveOauth(T4CTTIoauthenticate.java:799)
	at oracle.jdbc.driver.T4CConnection.logon(T4CConnection.java:368)
	at oracle.jdbc.driver.PhysicalConnection.<init>(PhysicalConnection.java:508)
	at oracle.jdbc.driver.T4CConnection.<init>(T4CConnection.java:203)
	at oracle.jdbc.driver.T4CDriverExtension.getConnection(T4CDriverExtension.java:33)
	at oracle.jdbc.driver.OracleDriver.connect(OracleDriver.java:510)
	at com.alibaba.druid.pool.DruidAbstractDataSource.createPhysicalConnection(DruidAbstractDataSource.java:1368)
	at com.alibaba.druid.pool.DruidAbstractDataSource.createPhysicalConnection(DruidAbstractDataSource.java:1424)
	at com.alibaba.druid.pool.DruidDataSource.init(DruidDataSource.java:616)
	at sun.reflect.NativeMethodAccessorImpl.invoke0(Native Method)
	at sun.reflect.NativeMethodAccessorImpl.invoke(Unknown Source)
	at sun.reflect.DelegatingMethodAccessorImpl.invoke(Unknown Source)
	at java.lang.reflect.Method.invoke(Unknown Source)
	at org.springframework.beans.factory.support.AbstractAutowireCapableBeanFactory.invokeCustomInitMethod(AbstractAutowireCapableBeanFactory.java:1706)
	at org.springframework.beans.factory.support.AbstractAutowireCapableBeanFactory.invokeInitMethods(AbstractAutowireCapableBeanFactory.java:1645)
	at org.springframework.beans.factory.support.AbstractAutowireCapableBeanFactory.initializeBean(AbstractAutowireCapableBeanFactory.java:1574)
	at org.springframework.beans.factory.support.AbstractAutowireCapableBeanFactory.doCreateBean(AbstractAutowireCapableBeanFactory.java:545)
	at org.springframework.beans.factory.support.AbstractAutowireCapableBeanFactory.createBean(AbstractAutowireCapableBeanFactory.java:482)
	at org.springframework.beans.factory.support.AbstractBeanFactory$1.getObject(AbstractBeanFactory.java:306)
	at org.springframework.beans.factory.support.DefaultSingletonBeanRegistry.getSingleton(DefaultSingletonBeanRegistry.java:230)
	at org.springframework.beans.factory.support.AbstractBeanFactory.doGetBean(AbstractBeanFactory.java:302)
	at org.springframework.beans.factory.support.AbstractBeanFactory.getBean(AbstractBeanFactory.java:197)
	at org.springframework.beans.factory.support.DefaultListableBeanFactory.preInstantiateSingletons(DefaultListableBeanFactory.java:772)
	at org.springframework.context.support.AbstractApplicationContext.finishBeanFactoryInitialization(AbstractApplicationContext.java:839)
	at org.springframework.context.support.AbstractApplicationContext.refresh(AbstractApplicationContext.java:538)
	at org.springframework.context.support.ClassPathXmlApplicationContext.<init>(ClassPathXmlApplicationContext.java:139)
	at org.springframework.context.support.ClassPathXmlApplicationContext.<init>(ClassPathXmlApplicationContext.java:83)
	at com.sept.db.dba.DatabaseSessionUtil.getCtx(DatabaseSessionUtil.java:163)
	at com.sept.db.dba.DatabaseSessionUtil.initTransactionManager(DatabaseSessionUtil.java:150)
	at com.sept.db.demo.Demo.main(Demo.java:12)
= 2018-12-06 13:35:26,275 ERROR com.sept.debug.log4j.LogHandler.error(LogHandler.java:60) - com.sept.db.dba.Sql.executeQuery(Sql.java:526) - -1_-1_还未开启事物！
com.sept.exception.AppException: -1_-1_还未开启事物！
	at com.sept.db.dba.Sql.executeQuery(Sql.java:426)
	at com.sept.db.dba.Sql.executeQuery(Sql.java:406)
	at com.sept.db.Demo.main(Demo.java:19)
= 2018-12-06 13:37:04,704 ERROR com.sept.debug.log4j.LogHandler.error(LogHandler.java:60) - com.sept.db.dba.Sql.executeQuery(Sql.java:526) - -1_-1_还未开启事物！
com.sept.exception.AppException: -1_-1_还未开启事物！
	at com.sept.db.dba.Sql.executeQuery(Sql.java:426)
	at com.sept.db.dba.Sql.executeQuery(Sql.java:406)
	at com.sept.db.Demo.main(Demo.java:22)
= 2018-12-06 14:17:04,246 FATAL com.sept.debug.log4j.LogHandler.fatal(LogHandler.java:73) - com.sept.db.pdf.access.Access.newTable(Access.java:137) - null
java.lang.NullPointerException
	at com.sept.db.pdf.access.Access.iDataTableColumnsToAlColumnBuilder(Access.java:151)
	at com.sept.db.pdf.access.Access.newTable(Access.java:126)
	at com.sept.db.pdf.access.Demo.main(Demo.java:38)
= 2018-12-06 14:19:18,051 FATAL com.sept.debug.log4j.LogHandler.fatal(LogHandler.java:73) - com.sept.db.pdf.access.Access.newTable(Access.java:137) - null
java.lang.NullPointerException
	at com.sept.db.pdf.access.Access.iDataTableColumnsToAlColumnBuilder(Access.java:151)
	at com.sept.db.pdf.access.Access.newTable(Access.java:126)
	at com.sept.db.pdf.access.Demo.main(Demo.java:38)
= 2018-12-06 15:27:30,543 FATAL com.sept.debug.log4j.LogHandler.fatal(LogHandler.java:73) - com.sept.db.pdf.access.AccessTable.setDefault(AccessTable.java:210) - null
java.lang.NullPointerException
	at com.sept.db.pdf.access.AccessTable.setDefault(AccessTable.java:191)
	at com.sept.db.pdf.access.AccessTable.<init>(AccessTable.java:35)
	at com.sept.db.pdf.access.Access.getTable(Access.java:176)
	at com.sept.db.pdf.access.Demo.get(Demo.java:20)
	at com.sept.db.pdf.access.Demo.main(Demo.java:14)
= 2018-12-06 16:52:08,757 ERROR com.sept.debug.log4j.LogHandler.error(LogHandler.java:60) - com.sept.db.pdf.excel.Excel.open(Excel.java:133) - -1_-1_jxl.read.biff.BiffException: Unable to recognize OLE stream
com.sept.exception.AppException: -1_-1_jxl.read.biff.BiffException: Unable to recognize OLE stream
	at com.sept.db.pdf.excel.Excel.<init>(Excel.java:152)
	at com.sept.db.pdf.excel.Excel.open(Excel.java:126)
	at com.sept.db.pdf.excel.Excel.open(Excel.java:108)
	at com.sept.db.pdf.excel.Demo.main(Demo.java:7)
Caused by: jxl.read.biff.BiffException: Unable to recognize OLE stream
	at jxl.read.biff.CompoundFile.<init>(CompoundFile.java:116)
	at jxl.read.biff.File.<init>(File.java:127)
	at jxl.Workbook.getWorkbook(Workbook.java:268)
	at jxl.Workbook.getWorkbook(Workbook.java:253)
	at com.sept.db.pdf.excel.Excel.<init>(Excel.java:147)
	... 3 more
