= 2018-12-05 11:07:55,838 INFO org.springframework.context.support.AbstractApplicationContext.prepareRefresh(AbstractApplicationContext.java:578) -Refreshing org.springframework.context.support.ClassPathXmlApplicationContext@41975e01: startup date [Wed Dec 05 11:07:55 CST 2018]; root of context hierarchy
= 2018-12-05 11:07:55,910 INFO org.springframework.beans.factory.xml.XmlBeanDefinitionReader.loadBeanDefinitions(XmlBeanDefinitionReader.java:317) -Loading XML bean definitions from class path resource [applicationContext-deploy.xml]
= 2018-12-05 11:07:56,135 INFO com.sept.debug.log4j.LogHandler.info(LogHandler.java:17) - com.sept.project.deploy.DeployFactory.get(DeployFactory.java:41) - 未找到配置[class com.sept.project.deploy.ProjectDeploy],将采用配置的默认init初始化配置类！
= 2018-12-05 12:21:25,195 INFO org.springframework.context.support.AbstractApplicationContext.prepareRefresh(AbstractApplicationContext.java:578) -Refreshing org.springframework.context.support.ClassPathXmlApplicationContext@41975e01: startup date [Wed Dec 05 12:21:25 CST 2018]; root of context hierarchy
= 2018-12-05 12:21:25,243 INFO org.springframework.beans.factory.xml.XmlBeanDefinitionReader.loadBeanDefinitions(XmlBeanDefinitionReader.java:317) -Loading XML bean definitions from class path resource [applicationContext-deploy.xml]
= 2018-12-05 12:21:25,408 INFO org.springframework.context.support.AbstractApplicationContext.prepareRefresh(AbstractApplicationContext.java:578) -Refreshing org.springframework.context.support.ClassPathXmlApplicationContext@5c5a1b69: startup date [Wed Dec 05 12:21:25 CST 2018]; root of context hierarchy
= 2018-12-05 12:21:25,409 INFO org.springframework.beans.factory.xml.XmlBeanDefinitionReader.loadBeanDefinitions(XmlBeanDefinitionReader.java:317) -Loading XML bean definitions from class path resource [applicationContext-jdbc.xml]
= 2018-12-05 12:21:26,589 INFO com.alibaba.druid.pool.DruidDataSource.init(DruidDataSource.java:652) -{dataSource-1} inited
= 2018-12-05 12:22:50,364 INFO org.springframework.context.support.AbstractApplicationContext.prepareRefresh(AbstractApplicationContext.java:578) -Refreshing org.springframework.context.support.ClassPathXmlApplicationContext@74a10858: startup date [Wed Dec 05 12:22:50 CST 2018]; root of context hierarchy
= 2018-12-05 12:22:50,459 INFO org.springframework.beans.factory.xml.XmlBeanDefinitionReader.loadBeanDefinitions(XmlBeanDefinitionReader.java:317) -Loading XML bean definitions from class path resource [applicationContext-deploy.xml]
= 2018-12-05 12:23:03,776 INFO org.springframework.context.support.AbstractApplicationContext.prepareRefresh(AbstractApplicationContext.java:578) -Refreshing org.springframework.context.support.ClassPathXmlApplicationContext@3738449f: startup date [Wed Dec 05 12:23:03 CST 2018]; root of context hierarchy
= 2018-12-05 12:23:03,825 INFO org.springframework.beans.factory.xml.XmlBeanDefinitionReader.loadBeanDefinitions(XmlBeanDefinitionReader.java:317) -Loading XML bean definitions from class path resource [applicationContext-jdbc.xml]
= 2018-12-05 12:23:14,446 INFO com.alibaba.druid.pool.DruidDataSource.init(DruidDataSource.java:652) -{dataSource-1} inited
= 2018-12-05 12:25:51,587 INFO org.springframework.context.support.AbstractApplicationContext.prepareRefresh(AbstractApplicationContext.java:578) -Refreshing org.springframework.context.support.ClassPathXmlApplicationContext@41975e01: startup date [Wed Dec 05 12:25:51 CST 2018]; root of context hierarchy
= 2018-12-05 12:25:51,632 INFO org.springframework.beans.factory.xml.XmlBeanDefinitionReader.loadBeanDefinitions(XmlBeanDefinitionReader.java:317) -Loading XML bean definitions from class path resource [applicationContext-deploy.xml]
= 2018-12-05 12:25:51,807 INFO org.springframework.context.support.AbstractApplicationContext.prepareRefresh(AbstractApplicationContext.java:578) -Refreshing org.springframework.context.support.ClassPathXmlApplicationContext@5c5a1b69: startup date [Wed Dec 05 12:25:51 CST 2018]; root of context hierarchy
= 2018-12-05 12:25:51,808 INFO org.springframework.beans.factory.xml.XmlBeanDefinitionReader.loadBeanDefinitions(XmlBeanDefinitionReader.java:317) -Loading XML bean definitions from class path resource [applicationContext-jdbc.xml]
= 2018-12-05 12:25:52,614 INFO com.alibaba.druid.pool.DruidDataSource.init(DruidDataSource.java:652) -{dataSource-1} inited
= 2018-12-05 12:27:40,668 INFO org.springframework.context.support.AbstractApplicationContext.prepareRefresh(AbstractApplicationContext.java:578) -Refreshing org.springframework.context.support.ClassPathXmlApplicationContext@41975e01: startup date [Wed Dec 05 12:27:40 CST 2018]; root of context hierarchy
= 2018-12-05 12:27:40,717 INFO org.springframework.beans.factory.xml.XmlBeanDefinitionReader.loadBeanDefinitions(XmlBeanDefinitionReader.java:317) -Loading XML bean definitions from class path resource [applicationContext-deploy.xml]
= 2018-12-05 12:27:40,912 INFO org.springframework.context.support.AbstractApplicationContext.prepareRefresh(AbstractApplicationContext.java:578) -Refreshing org.springframework.context.support.ClassPathXmlApplicationContext@5c5a1b69: startup date [Wed Dec 05 12:27:40 CST 2018]; root of context hierarchy
= 2018-12-05 12:27:40,913 INFO org.springframework.beans.factory.xml.XmlBeanDefinitionReader.loadBeanDefinitions(XmlBeanDefinitionReader.java:317) -Loading XML bean definitions from class path resource [applicationContext-jdbc.xml]
= 2018-12-05 12:27:41,734 INFO com.alibaba.druid.pool.DruidDataSource.init(DruidDataSource.java:652) -{dataSource-1} inited
= 2018-12-05 12:29:24,556 INFO org.springframework.context.support.AbstractApplicationContext.prepareRefresh(AbstractApplicationContext.java:578) -Refreshing org.springframework.context.support.ClassPathXmlApplicationContext@41975e01: startup date [Wed Dec 05 12:29:24 CST 2018]; root of context hierarchy
= 2018-12-05 12:29:24,611 INFO org.springframework.beans.factory.xml.XmlBeanDefinitionReader.loadBeanDefinitions(XmlBeanDefinitionReader.java:317) -Loading XML bean definitions from class path resource [applicationContext-deploy.xml]
= 2018-12-05 12:29:24,804 INFO org.springframework.context.support.AbstractApplicationContext.prepareRefresh(AbstractApplicationContext.java:578) -Refreshing org.springframework.context.support.ClassPathXmlApplicationContext@5c5a1b69: startup date [Wed Dec 05 12:29:24 CST 2018]; root of context hierarchy
= 2018-12-05 12:29:24,806 INFO org.springframework.beans.factory.xml.XmlBeanDefinitionReader.loadBeanDefinitions(XmlBeanDefinitionReader.java:317) -Loading XML bean definitions from class path resource [applicationContext-jdbc.xml]
= 2018-12-05 12:29:25,632 INFO com.alibaba.druid.pool.DruidDataSource.init(DruidDataSource.java:652) -{dataSource-1} inited
= 2018-12-06 12:14:12,588 INFO org.springframework.context.support.AbstractApplicationContext.prepareRefresh(AbstractApplicationContext.java:578) -Refreshing org.springframework.context.support.ClassPathXmlApplicationContext@dcf3e99: startup date [Thu Dec 06 12:14:12 CST 2018]; root of context hierarchy
= 2018-12-06 12:14:12,630 INFO org.springframework.beans.factory.xml.XmlBeanDefinitionReader.loadBeanDefinitions(XmlBeanDefinitionReader.java:317) -Loading XML bean definitions from class path resource [applicationContext-deploy.xml]
= 2018-12-06 12:15:50,693 INFO org.springframework.context.support.AbstractApplicationContext.prepareRefresh(AbstractApplicationContext.java:578) -Refreshing org.springframework.context.support.ClassPathXmlApplicationContext@6d9c638: startup date [Thu Dec 06 12:15:50 CST 2018]; root of context hierarchy
= 2018-12-06 12:15:50,736 INFO org.springframework.beans.factory.xml.XmlBeanDefinitionReader.loadBeanDefinitions(XmlBeanDefinitionReader.java:317) -Loading XML bean definitions from class path resource [applicationContext-deploy.xml]
= 2018-12-06 12:57:27,664 WARN org.springframework.context.support.AbstractApplicationContext.refresh(AbstractApplicationContext.java:554) -Exception encountered during context initialization - cancelling refresh attempt: org.springframework.beans.factory.parsing.BeanDefinitionParsingException: Configuration problem: @Bean method 'dataSource' must not be private or final; change the method's modifiers to continue
Offending resource: com.sept.db.dba.AnnotationConfig_e756d17d_fa60_4823_b6e7_faf3795d9b6d
= 2018-12-06 13:35:26,268 INFO com.alibaba.druid.pool.DruidDataSource.init(DruidDataSource.java:652) -{dataSource-1} inited
= 2018-12-06 13:35:26,275 ERROR com.sept.debug.log4j.LogHandler.error(LogHandler.java:60) - com.sept.db.dba.Sql.executeQuery(Sql.java:526) - -1_-1_还未开启事物！
com.sept.exception.AppException: -1_-1_还未开启事物！
	at com.sept.db.dba.Sql.executeQuery(Sql.java:426)
	at com.sept.db.dba.Sql.executeQuery(Sql.java:406)
	at com.sept.db.Demo.main(Demo.java:19)
= 2018-12-06 13:36:30,490 INFO com.alibaba.druid.pool.DruidDataSource.init(DruidDataSource.java:652) -{dataSource-1} inited
= 2018-12-06 13:36:30,499 INFO com.alibaba.druid.pool.DruidDataSource.init(DruidDataSource.java:652) -{dataSource-2} inited
= 2018-12-06 13:36:53,527 INFO com.alibaba.druid.pool.DruidDataSource.init(DruidDataSource.java:652) -{dataSource-1} inited
= 2018-12-06 13:36:53,537 INFO com.alibaba.druid.pool.DruidDataSource.init(DruidDataSource.java:652) -{dataSource-2} inited
= 2018-12-06 13:37:04,616 INFO com.alibaba.druid.pool.DruidDataSource.init(DruidDataSource.java:652) -{dataSource-1} inited
= 2018-12-06 13:37:04,626 INFO com.alibaba.druid.pool.DruidDataSource.init(DruidDataSource.java:652) -{dataSource-2} inited
= 2018-12-06 13:37:04,704 ERROR com.sept.debug.log4j.LogHandler.error(LogHandler.java:60) - com.sept.db.dba.Sql.executeQuery(Sql.java:526) - -1_-1_还未开启事物！
com.sept.exception.AppException: -1_-1_还未开启事物！
	at com.sept.db.dba.Sql.executeQuery(Sql.java:426)
	at com.sept.db.dba.Sql.executeQuery(Sql.java:406)
	at com.sept.db.Demo.main(Demo.java:22)
= 2018-12-06 14:17:04,246 FATAL com.sept.debug.log4j.LogHandler.fatal(LogHandler.java:73) - com.sept.db.pdf.access.Access.newTable(Access.java:137) - null
java.lang.NullPointerException
	at com.sept.db.pdf.access.Access.iDataTableColumnsToAlColumnBuilder(Access.java:151)
	at com.sept.db.pdf.access.Access.newTable(Access.java:126)
	at com.sept.db.pdf.access.Demo.main(Demo.java:38)
= 2018-12-06 14:19:18,051 FATAL com.sept.debug.log4j.LogHandler.fatal(LogHandler.java:73) - com.sept.db.pdf.access.Access.newTable(Access.java:137) - null
java.lang.NullPointerException
	at com.sept.db.pdf.access.Access.iDataTableColumnsToAlColumnBuilder(Access.java:151)
	at com.sept.db.pdf.access.Access.newTable(Access.java:126)
	at com.sept.db.pdf.access.Demo.main(Demo.java:38)
= 2018-12-06 15:27:30,543 FATAL com.sept.debug.log4j.LogHandler.fatal(LogHandler.java:73) - com.sept.db.pdf.access.AccessTable.setDefault(AccessTable.java:210) - null
java.lang.NullPointerException
	at com.sept.db.pdf.access.AccessTable.setDefault(AccessTable.java:191)
	at com.sept.db.pdf.access.AccessTable.<init>(AccessTable.java:35)
	at com.sept.db.pdf.access.Access.getTable(Access.java:176)
	at com.sept.db.pdf.access.Demo.get(Demo.java:20)
	at com.sept.db.pdf.access.Demo.main(Demo.java:14)
= 2018-12-06 16:52:08,757 ERROR com.sept.debug.log4j.LogHandler.error(LogHandler.java:60) - com.sept.db.pdf.excel.Excel.open(Excel.java:133) - -1_-1_jxl.read.biff.BiffException: Unable to recognize OLE stream
com.sept.exception.AppException: -1_-1_jxl.read.biff.BiffException: Unable to recognize OLE stream
	at com.sept.db.pdf.excel.Excel.<init>(Excel.java:152)
	at com.sept.db.pdf.excel.Excel.open(Excel.java:126)
	at com.sept.db.pdf.excel.Excel.open(Excel.java:108)
	at com.sept.db.pdf.excel.Demo.main(Demo.java:7)
Caused by: jxl.read.biff.BiffException: Unable to recognize OLE stream
	at jxl.read.biff.CompoundFile.<init>(CompoundFile.java:116)
	at jxl.read.biff.File.<init>(File.java:127)
	at jxl.Workbook.getWorkbook(Workbook.java:268)
	at jxl.Workbook.getWorkbook(Workbook.java:253)
	at com.sept.db.pdf.excel.Excel.<init>(Excel.java:147)
	... 3 more
