= 2018-12-07 13:15:23,860 DEBUG com.healthmarketscience.jackcess.impl.DatabaseImpl.readSystemCatalog(DatabaseImpl.java:887) -Finished reading system catalog.  Tables: [] (Db=access.mdb)
= 2018-12-07 13:15:23,946 FATAL com.sept.debug.log4j.LogHandler.fatal(LogHandler.java:73) - com.sept.db.pdf.newpbf.access.Access.newTable(Access.java:185) - null
java.lang.NullPointerException
	at com.sept.db.pdf.newpbf.access.AccessTable.setColumns(AccessTable.java:43)
	at com.sept.db.pdf.newpbf.access.Access.newTable(Access.java:180)
	at com.sept.db.pdf.newpbf.access.Demo.testCreated(Demo.java:26)
	at com.sept.db.pdf.newpbf.access.Demo.main(Demo.java:13)
= 2018-12-07 13:17:36,441 DEBUG com.healthmarketscience.jackcess.impl.DatabaseImpl.readSystemCatalog(DatabaseImpl.java:887) -Finished reading system catalog.  Tables: [user, user2, user4, user5, user6, user7, user8] (Db=text3.mdb)
= 2018-12-07 13:19:11,797 DEBUG com.healthmarketscience.jackcess.impl.DatabaseImpl.readSystemCatalog(DatabaseImpl.java:887) -Finished reading system catalog.  Tables: [user] (Db=access.mdb)
= 2018-12-07 13:19:20,501 DEBUG com.healthmarketscience.jackcess.impl.DatabaseImpl.readSystemCatalog(DatabaseImpl.java:887) -Finished reading system catalog.  Tables: [user] (Db=access.mdb)
= 2018-12-07 13:19:36,700 DEBUG com.healthmarketscience.jackcess.impl.DatabaseImpl.readSystemCatalog(DatabaseImpl.java:887) -Finished reading system catalog.  Tables: [user] (Db=access.mdb)
= 2018-12-07 13:19:51,906 DEBUG com.healthmarketscience.jackcess.impl.DatabaseImpl.readSystemCatalog(DatabaseImpl.java:887) -Finished reading system catalog.  Tables: [user] (Db=access.mdb)
= 2018-12-07 13:21:29,179 ERROR com.sept.debug.log4j.LogHandler.error(LogHandler.java:60) - com.sept.db.pdf.newpbf.access.Access.<init>(Access.java:80) - -1_-1_Access文件[D:\access.mdb]已存在！
com.sept.exception.AppException: -1_-1_Access文件[D:\access.mdb]已存在！
	at com.sept.db.pdf.newpbf.access.Access.<init>(Access.java:72)
	at com.sept.db.pdf.newpbf.access.Access.<init>(Access.java:45)
	at com.sept.db.pdf.newpbf.access.Demo.testCreated(Demo.java:20)
	at com.sept.db.pdf.newpbf.access.Demo.main(Demo.java:13)
= 2018-12-07 13:21:50,427 DEBUG com.healthmarketscience.jackcess.impl.DatabaseImpl.readSystemCatalog(DatabaseImpl.java:887) -Finished reading system catalog.  Tables: [] (Db=access.mdb)
= 2018-12-07 13:22:47,483 DEBUG com.healthmarketscience.jackcess.impl.DatabaseImpl.readSystemCatalog(DatabaseImpl.java:887) -Finished reading system catalog.  Tables: [] (Db=access.mdb)
= 2018-12-07 13:23:16,962 FATAL com.sept.debug.log4j.LogHandler.fatal(LogHandler.java:73) - com.sept.db.pdf.newpbf.access.Access.newTable(Access.java:185) - null
java.lang.NullPointerException
	at com.sept.db.pdf.newpbf.access.AccessTable.setColumns(AccessTable.java:43)
	at com.sept.db.pdf.newpbf.access.Access.newTable(Access.java:180)
	at com.sept.db.pdf.newpbf.access.Demo.testCreated(Demo.java:27)
	at com.sept.db.pdf.newpbf.access.Demo.main(Demo.java:13)
= 2018-12-07 13:23:28,741 ERROR com.sept.debug.log4j.LogHandler.error(LogHandler.java:60) - com.sept.db.pdf.newpbf.access.Access.<init>(Access.java:80) - -1_-1_Access文件[D:\access.mdb]已存在！
com.sept.exception.AppException: -1_-1_Access文件[D:\access.mdb]已存在！
	at com.sept.db.pdf.newpbf.access.Access.<init>(Access.java:72)
	at com.sept.db.pdf.newpbf.access.Access.<init>(Access.java:45)
	at com.sept.db.pdf.newpbf.access.Demo.testCreated(Demo.java:20)
	at com.sept.db.pdf.newpbf.access.Demo.main(Demo.java:13)
= 2018-12-07 13:23:42,489 DEBUG com.healthmarketscience.jackcess.impl.DatabaseImpl.readSystemCatalog(DatabaseImpl.java:887) -Finished reading system catalog.  Tables: [] (Db=access.mdb)
= 2018-12-07 13:23:42,561 FATAL com.sept.debug.log4j.LogHandler.fatal(LogHandler.java:73) - com.sept.db.pdf.newpbf.access.Access.newTable(Access.java:185) - null
java.lang.NullPointerException
	at com.sept.db.pdf.newpbf.access.AccessTable.setColumns(AccessTable.java:43)
	at com.sept.db.pdf.newpbf.access.Access.newTable(Access.java:180)
	at com.sept.db.pdf.newpbf.access.Demo.testCreated(Demo.java:27)
	at com.sept.db.pdf.newpbf.access.Demo.main(Demo.java:13)
= 2018-12-07 13:24:12,020 DEBUG com.healthmarketscience.jackcess.impl.DatabaseImpl.readSystemCatalog(DatabaseImpl.java:887) -Finished reading system catalog.  Tables: [] (Db=access.mdb)
= 2018-12-07 13:25:09,631 DEBUG com.healthmarketscience.jackcess.impl.DatabaseImpl.readSystemCatalog(DatabaseImpl.java:887) -Finished reading system catalog.  Tables: [user] (Db=access.mdb)
= 2018-12-07 13:26:34,106 DEBUG com.healthmarketscience.jackcess.impl.DatabaseImpl.readSystemCatalog(DatabaseImpl.java:887) -Finished reading system catalog.  Tables: [user] (Db=access.mdb)
= 2018-12-07 13:26:54,330 DEBUG com.healthmarketscience.jackcess.impl.DatabaseImpl.readSystemCatalog(DatabaseImpl.java:887) -Finished reading system catalog.  Tables: [user] (Db=access.mdb)
= 2018-12-07 13:32:12,110 DEBUG com.healthmarketscience.jackcess.impl.DatabaseImpl.readSystemCatalog(DatabaseImpl.java:887) -Finished reading system catalog.  Tables: [user] (Db=access.mdb)
= 2018-12-07 13:42:34,866 DEBUG com.healthmarketscience.jackcess.impl.DatabaseImpl.readSystemCatalog(DatabaseImpl.java:887) -Finished reading system catalog.  Tables: [user] (Db=access.mdb)
= 2018-12-07 14:40:20,102 ERROR com.sept.debug.log4j.LogHandler.error(LogHandler.java:60) - com.sept.db.pdf.newpbf.excel.Excel.open(Excel.java:135) - -1_-1_url不是有效的文件！
com.sept.exception.AppException: -1_-1_url不是有效的文件！
	at com.sept.db.pdf.newpbf.excel.Excel.open(Excel.java:123)
	at com.sept.db.pdf.newpbf.excel.Excel.open(Excel.java:110)
	at com.sept.db.pdf.newpbf.excel.Demo.main(Demo.java:17)
